<?xml version="1.0" encoding="UTF-8"?>
<testng-results ignored="0" total="1" passed="1" failed="0" skipped="0">
  <reporter-output>
  </reporter-output>
  <suite started-at="2020-11-08T16:44:47Z" name="iOS Native Demo Suite" finished-at="2020-11-08T16:45:13Z" duration-ms="26190">
    <groups>
    </groups>
    <test started-at="2020-11-08T16:44:47Z" name="Simple execution tests ios" finished-at="2020-11-08T16:45:13Z" duration-ms="26190">
      <class name="tests.SwagRDSiOSWebTest">
        <test-method is-config="true" signature="setup(java.lang.reflect.Method)[pri:0, instance:tests.SwagRDSiOSWebTest@b3ca52e]" started-at="2020-11-08T16:44:47Z" name="setup" finished-at="2020-11-08T16:45:07Z" duration-ms="20154" status="PASS">
          <params>
            <param index="0">
              <value>
                <![CDATA[public void tests.SwagRDSiOSWebTest.loginToSwagLabsWebTestValid()]]>
              </value>
            </param>
          </params>
          <reporter-output>
          </reporter-output>
        </test-method> <!-- setup -->
        <test-method signature="loginToSwagLabsWebTestValid()[pri:0, instance:tests.SwagRDSiOSWebTest@b3ca52e]" started-at="2020-11-08T16:45:07Z" name="loginToSwagLabsWebTestValid" finished-at="2020-11-08T16:45:11Z" duration-ms="4701" status="PASS">
          <reporter-output>
          </reporter-output>
        </test-method> <!-- loginToSwagLabsWebTestValid -->
        <test-method is-config="true" signature="teardown(org.testng.ITestResult)[pri:0, instance:tests.SwagRDSiOSWebTest@b3ca52e]" started-at="2020-11-08T16:45:11Z" name="teardown" finished-at="2020-11-08T16:45:13Z" duration-ms="1317" status="PASS">
          <params>
            <param index="0">
              <value>
                <![CDATA[[TestResult name=loginToSwagLabsWebTestValid status=SUCCESS method=SwagRDSiOSWebTest.loginToSwagLabsWebTestValid()[pri:0, instance:tests.SwagRDSiOSWebTest@b3ca52e] output={null}]]]>
              </value>
            </param>
          </params>
          <reporter-output>
          </reporter-output>
        </test-method> <!-- teardown -->
      </class> <!-- tests.SwagRDSiOSWebTest -->
    </test> <!-- Simple execution tests ios -->
  </suite> <!-- iOS Native Demo Suite -->
</testng-results>
